Request - <HttpResponse status_code=200, "text/html; charset=utf-8"> Execution time - 0:00:00.019053
Request - <HttpResponse status_code=200, "text/html; charset=utf-8"> Execution time - 0:00:00.008020
Request - <HttpResponse status_code=200, "text/html; charset=utf-8"> Execution time - 0:00:00.035092
Request - <HttpResponseRedirect status_code=302, "text/html; charset=utf-8", url="/"> Execution time - 0:00:00.332985
Request - <HttpResponse status_code=200, "text/html; charset=utf-8"> Execution time - 0:00:00.015040
Request - <HttpResponse status_code=200, "text/html; charset=utf-8"> Execution time - 0:00:00.042750
Request - <HttpResponse status_code=200, "text/html; charset=utf-8"> Execution time - 0:00:00.032116
Request - <HttpResponseNotFound status_code=404, "text/html"> Execution time - 0:00:00.013542
Request - <HttpResponse status_code=200, "text/html; charset=utf-8"> Execution time - 0:00:00.063690
Request - <HttpResponse status_code=500, "text/html"> Execution time - 0:00:05.969343
Request - <HttpResponse status_code=500, "text/html"> Execution time - 0:00:00.477279
Request - <HttpResponse status_code=200, "text/html; charset=utf-8"> Execution time - 0:00:00.080761
Request - <HttpResponse status_code=500, "text/html"> Execution time - 0:00:00.178532
Request - <HttpResponse status_code=200, "text/html; charset=utf-8"> Execution time - 0:00:00.089282
Request - <HttpResponseRedirect status_code=302, "text/html; charset=utf-8", url="/"> Execution time - 0:00:04.320416
Request - <HttpResponse status_code=200, "text/html; charset=utf-8"> Execution time - 0:00:00.022064
Request - <HttpResponseRedirect status_code=302, "text/html; charset=utf-8", url="/admin/login/?next=/admin/"> Execution time - 0:00:00.029110
Request - <TemplateResponse status_code=200, "text/html; charset=utf-8"> Execution time - 0:00:00.248853
Request - <HttpResponseRedirect status_code=302, "text/html; charset=utf-8", url="/admin/"> Execution time - 0:00:00.815625
Request - <TemplateResponse status_code=200, "text/html; charset=utf-8"> Execution time - 0:00:00.103879
Request - <TemplateResponse status_code=200, "text/html; charset=utf-8"> Execution time - 0:00:00.270367
Request - <HttpResponse status_code=200, "text/javascript"> Execution time - 0:00:00.045631
Request - <TemplateResponse status_code=200, "text/html; charset=utf-8"> Execution time - 0:00:00.242020
Request - <HttpResponse status_code=200, "text/javascript"> Execution time - 0:00:00.027577
Request - <TemplateResponse status_code=200, "text/html; charset=utf-8"> Execution time - 0:00:00.164447
Request - <TemplateResponse status_code=200, "text/html; charset=utf-8"> Execution time - 0:00:00.487036
Request - <TemplateResponse status_code=200, "text/html; charset=utf-8"> Execution time - 0:00:00.057200
Request - <TemplateResponse status_code=200, "text/html; charset=utf-8"> Execution time - 0:00:00.136417
Request - <HttpResponse status_code=200, "text/javascript"> Execution time - 0:00:00.023060
Request - <TemplateResponse status_code=200, "text/html; charset=utf-8"> Execution time - 0:00:00.153535
Request - <HttpResponse status_code=200, "text/javascript"> Execution time - 0:00:00.015045
Request - <TemplateResponse status_code=200, "text/html; charset=utf-8"> Execution time - 0:00:00.105330
Request - <TemplateResponse status_code=200, "text/html; charset=utf-8"> Execution time - 0:00:00.423426
Request - <HttpResponse status_code=200, "text/javascript"> Execution time - 0:00:00.018047
Request - <TemplateResponse status_code=200, "text/html; charset=utf-8"> Execution time - 0:00:00.058157
Request - <TemplateResponse status_code=200, "text/html; charset=utf-8"> Execution time - 0:00:03.524112
Request - <HttpResponseNotFound status_code=404, "text/html"> Execution time - 0:00:00.005013
Request - <HttpResponse status_code=200, "text/html; charset=utf-8"> Execution time - 0:00:00.034374
Request - <TemplateResponse status_code=200, "text/html; charset=utf-8"> Execution time - 0:00:00.179273
Request - <TemplateResponse status_code=200, "text/html; charset=utf-8"> Execution time - 0:00:00.072109
Request - <HttpResponseRedirect status_code=302, "text/html; charset=utf-8", url="/"> Execution time - 0:00:00.728836
Request - <HttpResponse status_code=200, "text/html; charset=utf-8"> Execution time - 0:00:00.017044
Request - <HttpResponse status_code=200, "text/html; charset=utf-8"> Execution time - 0:00:00.055944
Request - <HttpResponseRedirect status_code=302, "text/html; charset=utf-8", url="/"> Execution time - 0:00:00.315456
Request - <HttpResponse status_code=200, "text/html; charset=utf-8"> Execution time - 0:00:00.016069
Request - <TemplateResponse status_code=200, "text/html; charset=utf-8"> Execution time - 0:00:00.152392
Request - <HttpResponseRedirect status_code=302, "text/html; charset=utf-8", url="/admin/login/?next=/admin/"> Execution time - 0:00:00.001007
Request - <TemplateResponse status_code=200, "text/html; charset=utf-8"> Execution time - 0:00:00.167701
Request - <HttpResponseRedirect status_code=302, "text/html; charset=utf-8", url="/admin/"> Execution time - 0:00:00.993955
Request - <TemplateResponse status_code=200, "text/html; charset=utf-8"> Execution time - 0:00:00.022058
Request - <TemplateResponse status_code=200, "text/html; charset=utf-8"> Execution time - 0:00:00.248555
Request - <HttpResponse status_code=200, "text/javascript"> Execution time - 0:00:00.010026
Request - <TemplateResponse status_code=200, "text/html; charset=utf-8"> Execution time - 0:00:00.125811
Request - <HttpResponse status_code=200, "text/javascript"> Execution time - 0:00:00.018047
Request - <TemplateResponse status_code=200, "text/html; charset=utf-8"> Execution time - 0:00:00.047126
Request - <HttpResponse status_code=200, "text/html; charset=utf-8"> Execution time - 0:00:00.008058
Request - <TemplateResponse status_code=200, "text/html; charset=utf-8"> Execution time - 0:00:00.165920
Request - <TemplateResponse status_code=200, "text/html; charset=utf-8"> Execution time - 0:00:00.011064
Request - <HttpResponseRedirect status_code=302, "text/html; charset=utf-8", url="/"> Execution time - 0:00:00.690459
Request - <HttpResponse status_code=200, "text/html; charset=utf-8"> Execution time - 0:00:00.008047
Request - <HttpResponse status_code=200, "text/html; charset=utf-8"> Execution time - 0:00:00.029113
Request - <HttpResponseRedirect status_code=302, "text/html; charset=utf-8", url="/"> Execution time - 0:00:00.502089
Request - <HttpResponse status_code=200, "text/html; charset=utf-8"> Execution time - 0:00:00.009023
Request - <TemplateResponse status_code=200, "text/html; charset=utf-8"> Execution time - 0:00:00.134191
Request - <TemplateResponse status_code=200, "text/html; charset=utf-8"> Execution time - 0:00:00.011026
Request - <HttpResponseRedirect status_code=302, "text/html; charset=utf-8", url="/admin/login/?next=/admin/"> Execution time - 0:00:00.001001
Request - <TemplateResponse status_code=200, "text/html; charset=utf-8"> Execution time - 0:00:00.018077
Request - <HttpResponseRedirect status_code=302, "text/html; charset=utf-8", url="/admin/"> Execution time - 0:00:00.701389
Request - <TemplateResponse status_code=200, "text/html; charset=utf-8"> Execution time - 0:00:00.040135
Request - <TemplateResponse status_code=200, "text/html; charset=utf-8"> Execution time - 0:00:00.047124
Request - <HttpResponse status_code=200, "text/javascript"> Execution time - 0:00:00.008021
Request - <TemplateResponse status_code=200, "text/html; charset=utf-8"> Execution time - 0:00:00.047159
Request - <HttpResponse status_code=200, "text/javascript"> Execution time - 0:00:00.009024
Request - <TemplateResponse status_code=200, "text/html; charset=utf-8"> Execution time - 0:00:00.054174
Request - <TemplateResponse status_code=200, "text/html; charset=utf-8"> Execution time - 0:00:00.111714
Request - <HttpResponseRedirect status_code=302, "text/html; charset=utf-8", url="/admin/"> Execution time - 0:00:00.003042
Request - <TemplateResponse status_code=200, "text/html; charset=utf-8"> Execution time - 0:00:00.024065
Request - <TemplateResponse status_code=200, "text/html; charset=utf-8"> Execution time - 0:00:00.050167
Request - <HttpResponse status_code=200, "text/javascript"> Execution time - 0:00:00.007019
Request - <TemplateResponse status_code=200, "text/html; charset=utf-8"> Execution time - 0:00:00.058187
Request - <HttpResponse status_code=200, "text/javascript"> Execution time - 0:00:00.006016
Request - <TemplateResponse status_code=200, "text/html; charset=utf-8"> Execution time - 0:00:00.052140
Request - <TemplateResponse status_code=200, "text/html; charset=utf-8"> Execution time - 0:00:00.018047
Request - <TemplateResponse status_code=200, "text/html; charset=utf-8"> Execution time - 0:00:00.050165
Request - <HttpResponse status_code=200, "text/javascript"> Execution time - 0:00:00.007018
Request - <TemplateResponse status_code=200, "text/html; charset=utf-8"> Execution time - 0:00:00.056148
Request - <HttpResponse status_code=200, "text/javascript"> Execution time - 0:00:00.007019
Request - <TemplateResponse status_code=200, "text/html; charset=utf-8"> Execution time - 0:00:00.050133
Request - <TemplateResponse status_code=200, "text/html; charset=utf-8"> Execution time - 0:00:00.049130
Request - <HttpResponse status_code=200, "text/javascript"> Execution time - 0:00:00.007019
Request - <TemplateResponse status_code=200, "text/html; charset=utf-8"> Execution time - 0:00:00.047151
Request - <HttpResponse status_code=200, "text/javascript"> Execution time - 0:00:00.006017
Request - <HttpResponse status_code=200, "text/html; charset=utf-8"> Execution time - 0:00:00.010026
Request - <TemplateResponse status_code=200, "text/html; charset=utf-8"> Execution time - 0:00:00.166239
Request - <TemplateResponse status_code=200, "text/html; charset=utf-8"> Execution time - 0:00:00.013063
Request - <HttpResponseRedirect status_code=302, "text/html; charset=utf-8", url="/"> Execution time - 0:00:00.672011
Request - <HttpResponse status_code=200, "text/html; charset=utf-8"> Execution time - 0:00:00.015042
Request - <HttpResponse status_code=200, "text/html; charset=utf-8"> Execution time - 0:00:00.024065
Request - <HttpResponseRedirect status_code=302, "text/html; charset=utf-8", url="/"> Execution time - 0:00:00.503870
Request - <HttpResponse status_code=200, "text/html; charset=utf-8"> Execution time - 0:00:00.022087
Request - <TemplateResponse status_code=200, "text/html; charset=utf-8"> Execution time - 0:00:00.154726
Request - <HttpResponseRedirect status_code=302, "text/html; charset=utf-8", url="/admin/login/?next=/admin/"> Execution time - 0:00:00.001002
Request - <TemplateResponse status_code=200, "text/html; charset=utf-8"> Execution time - 0:00:00.017043
Request - <HttpResponseRedirect status_code=302, "text/html; charset=utf-8", url="/admin/"> Execution time - 0:00:00.746048
Request - <TemplateResponse status_code=200, "text/html; charset=utf-8"> Execution time - 0:00:00.031083
Request - <TemplateResponse status_code=200, "text/html; charset=utf-8"> Execution time - 0:00:00.052169
Request - <HttpResponse status_code=200, "text/javascript"> Execution time - 0:00:00.010026
Request - <TemplateResponse status_code=200, "text/html; charset=utf-8"> Execution time - 0:00:00.051134
Request - <HttpResponse status_code=200, "text/javascript"> Execution time - 0:00:00.011029
Request - <TemplateResponse status_code=200, "text/html; charset=utf-8"> Execution time - 0:00:00.088233
Request - <TemplateResponse status_code=200, "text/html; charset=utf-8"> Execution time - 0:00:00.022058
Request - <HttpResponse status_code=200, "text/html; charset=utf-8"> Execution time - 0:00:00.009023
Request - <HttpResponse status_code=200, "text/html; charset=utf-8"> Execution time - 0:00:00.021057
Request - <HttpResponse status_code=200, "text/html; charset=utf-8"> Execution time - 0:00:00.029077
Request - <HttpResponseNotFound status_code=404, "text/html"> Execution time - 0:00:00.005015
Request - <HttpResponse status_code=200, "text/html; charset=utf-8"> Execution time - 0:00:00.031117
Request - <HttpResponseNotFound status_code=404, "text/html"> Execution time - 0:00:00.007019
Request - <HttpResponse status_code=200, "text/html; charset=utf-8"> Execution time - 0:00:00.046124
Request - <HttpResponseNotFound status_code=404, "text/html"> Execution time - 0:00:00.003008
Request - <HttpResponse status_code=200, "text/html; charset=utf-8"> Execution time - 0:00:00.047124
Request - <HttpResponseNotFound status_code=404, "text/html"> Execution time - 0:00:00.003004
Request - <HttpResponse status_code=200, "text/html; charset=utf-8"> Execution time - 0:00:00.022060
Request - <HttpResponse status_code=200, "text/html; charset=utf-8"> Execution time - 0:00:00.021093
Request - <HttpResponse status_code=200, "text/html; charset=utf-8"> Execution time - 0:00:00.009025
Request - <TemplateResponse status_code=200, "text/html; charset=utf-8"> Execution time - 0:00:00.293467
Request - <TemplateResponse status_code=200, "text/html; charset=utf-8"> Execution time - 0:00:00.011060
Request - <HttpResponseRedirect status_code=302, "text/html; charset=utf-8", url="/"> Execution time - 0:00:00.580049
Request - <HttpResponse status_code=200, "text/html; charset=utf-8"> Execution time - 0:00:00.009025
Request - <HttpResponse status_code=200, "text/html; charset=utf-8"> Execution time - 0:00:00.020052
Request - <HttpResponse status_code=200, "text/html; charset=utf-8"> Execution time - 0:00:00.050131
Request - <HttpResponseNotFound status_code=404, "text/html"> Execution time - 0:00:00.005002
Request - <HttpResponse status_code=200, "text/html; charset=utf-8"> Execution time - 0:00:00.023058
Request - <HttpResponseNotFound status_code=404, "text/html"> Execution time - 0:00:00.005047
Request - <HttpResponse status_code=200, "text/html; charset=utf-8"> Execution time - 0:00:00.057106
Request - <HttpResponseNotFound status_code=404, "text/html"> Execution time - 0:00:00.005983
Request - <HttpResponse status_code=200, "text/html; charset=utf-8"> Execution time - 0:00:00.022060
Request - <HttpResponseNotFound status_code=404, "text/html"> Execution time - 0:00:00.004008
Request - <HttpResponse status_code=200, "text/html; charset=utf-8"> Execution time - 0:00:00.044131
Request - <HttpResponseNotFound status_code=404, "text/html"> Execution time - 0:00:00.005015
Request - <HttpResponse status_code=200, "text/html; charset=utf-8"> Execution time - 0:00:00.022060
Request - <HttpResponseNotFound status_code=404, "text/html"> Execution time - 0:00:00.004012
Request - <HttpResponse status_code=200, "text/html; charset=utf-8"> Execution time - 0:00:00.134299
Request - <HttpResponseNotFound status_code=404, "text/html"> Execution time - 0:00:00.006016
Request - <HttpResponse status_code=200, "text/html; charset=utf-8"> Execution time - 0:00:00.035107
Request - <HttpResponse status_code=500, "text/html"> Execution time - 0:00:02.767838
Request - <HttpResponse status_code=200, "text/html; charset=utf-8"> Execution time - 0:00:00.048126
Request - <HttpResponseNotFound status_code=404, "text/html"> Execution time - 0:00:00.005013
Request - <HttpResponse status_code=500, "text/html"> Execution time - 0:00:00.113299
Request - <HttpResponseRedirect status_code=302, "text/html; charset=utf-8", url="/"> Execution time - 0:00:00.431231
Request - <HttpResponse status_code=200, "text/html; charset=utf-8"> Execution time - 0:00:00.031079
Request - <HttpResponse status_code=200, "text/html; charset=utf-8"> Execution time - 0:00:00.026104
Request - <HttpResponse status_code=200, "text/html; charset=utf-8"> Execution time - 0:00:00.036133
Request - <HttpResponseNotFound status_code=404, "text/html"> Execution time - 0:00:00.004007
Request - <HttpResponse status_code=500, "text/html"> Execution time - 0:00:00.118346
Request - <HttpResponse status_code=200, "text/html; charset=utf-8"> Execution time - 0:00:00.051135
Request - <HttpResponseNotFound status_code=404, "text/html"> Execution time - 0:00:00.006002
Request - <HttpResponse status_code=200, "text/html; charset=utf-8"> Execution time - 0:00:00.046120
Request - <HttpResponseNotFound status_code=404, "text/html"> Execution time - 0:00:00.005012
Request - <HttpResponse status_code=200, "text/html; charset=utf-8"> Execution time - 0:00:00.034089
Request - <HttpResponseNotFound status_code=404, "text/html"> Execution time - 0:00:00.003037
Request - <HttpResponse status_code=200, "text/html; charset=utf-8"> Execution time - 0:00:00.046121
Request - <HttpResponseNotFound status_code=404, "text/html"> Execution time - 0:00:00.004010
Request - <HttpResponse status_code=200, "text/html; charset=utf-8"> Execution time - 0:00:00.041144
Request - <HttpResponseNotFound status_code=404, "text/html"> Execution time - 0:00:00.005027
Request - <HttpResponseRedirect status_code=302, "text/html; charset=utf-8", url="/"> Execution time - 0:00:02.049640
Request - <HttpResponse status_code=200, "text/html; charset=utf-8"> Execution time - 0:00:00.033089
Request - <HttpResponse status_code=200, "text/html; charset=utf-8"> Execution time - 0:00:00.023050
Request - <HttpResponse status_code=200, "text/html; charset=utf-8"> Execution time - 0:00:00.040141
Request - <HttpResponseNotFound status_code=404, "text/html"> Execution time - 0:00:00.005013
Request - <HttpResponseRedirect status_code=302, "text/html; charset=utf-8", url="/"> Execution time - 0:00:00.370040
Request - <HttpResponse status_code=200, "text/html; charset=utf-8"> Execution time - 0:00:00.015040
Request - <HttpResponse status_code=200, "text/html; charset=utf-8"> Execution time - 0:00:00.024101
Request - <HttpResponseRedirect status_code=302, "text/html; charset=utf-8", url="/"> Execution time - 0:00:00.458161
Request - <HttpResponse status_code=200, "text/html; charset=utf-8"> Execution time - 0:00:00.009025
Request - <HttpResponse status_code=200, "text/html; charset=utf-8"> Execution time - 0:00:00.038135
Request - <HttpResponse status_code=200, "text/html; charset=utf-8"> Execution time - 0:00:00.038102
Request - <HttpResponseNotFound status_code=404, "text/html"> Execution time - 0:00:00.004012
Request - <HttpResponse status_code=200, "text/html; charset=utf-8"> Execution time - 0:00:00.048124
Request - <HttpResponseNotFound status_code=404, "text/html"> Execution time - 0:00:00.005022
Request - <HttpResponse status_code=200, "text/html; charset=utf-8"> Execution time - 0:00:00.051168
Request - <HttpResponseRedirect status_code=302, "text/html; charset=utf-8", url="/"> Execution time - 0:00:00.317108
Request - <HttpResponse status_code=200, "text/html; charset=utf-8"> Execution time - 0:00:00.011028
Request - <HttpResponse status_code=200, "text/html; charset=utf-8"> Execution time - 0:00:00.022092
Request - <HttpResponse status_code=200, "text/html; charset=utf-8"> Execution time - 0:00:00.011029
Request - <HttpResponse status_code=200, "text/html; charset=utf-8"> Execution time - 0:00:00.010026
Request - <TemplateResponse status_code=200, "text/html; charset=utf-8"> Execution time - 0:00:00.177399
Request - <TemplateResponse status_code=200, "text/html; charset=utf-8"> Execution time - 0:00:00.010062
Request - <HttpResponseRedirect status_code=302, "text/html; charset=utf-8", url="/"> Execution time - 0:00:00.755288
Request - <HttpResponse status_code=200, "text/html; charset=utf-8"> Execution time - 0:00:00.021056
Request - <TemplateResponse status_code=200, "text/html; charset=utf-8"> Execution time - 0:00:00.156651
Request - <TemplateResponse status_code=200, "text/html; charset=utf-8"> Execution time - 0:00:00.013034
Request - <TemplateResponse status_code=200, "text/html; charset=utf-8"> Execution time - 0:00:00.052175
Request - <TemplateResponse status_code=200, "text/html; charset=utf-8"> Execution time - 0:00:00.052138
Request - <HttpResponseRedirect status_code=302, "text/html; charset=utf-8", url="/"> Execution time - 0:00:00.712997
Request - <HttpResponse status_code=200, "text/html; charset=utf-8"> Execution time - 0:00:00.011066
Request - <HttpResponse status_code=200, "text/html; charset=utf-8"> Execution time - 0:00:00.023062
Request - <HttpResponseRedirect status_code=302, "text/html; charset=utf-8", url="/"> Execution time - 0:00:00.341250
Request - <HttpResponse status_code=200, "text/html; charset=utf-8"> Execution time - 0:00:00.017044
Request - <HttpResponse status_code=200, "text/html; charset=utf-8"> Execution time - 0:00:00.010026
Request - <HttpResponse status_code=200, "text/html; charset=utf-8"> Execution time - 0:00:00.022057
Request - <TemplateResponse status_code=200, "text/html; charset=utf-8"> Execution time - 0:00:00.199803
Request - <HttpResponseRedirect status_code=302, "text/html; charset=utf-8", url="/admin/login/?next=/admin/"> Execution time - 0:00:00.011028
Request - <TemplateResponse status_code=200, "text/html; charset=utf-8"> Execution time - 0:00:00.089236
Request - <HttpResponseRedirect status_code=302, "text/html; charset=utf-8", url="/admin/"> Execution time - 0:00:00.727551
Request - <TemplateResponse status_code=200, "text/html; charset=utf-8"> Execution time - 0:00:00.033085
Request - <TemplateResponse status_code=200, "text/html; charset=utf-8"> Execution time - 0:00:00.076199
Request - <HttpResponse status_code=200, "text/javascript"> Execution time - 0:00:00.014029
Request - <TemplateResponse status_code=200, "text/html; charset=utf-8"> Execution time - 0:00:00.044132
Request - <HttpResponse status_code=200, "text/javascript"> Execution time - 0:00:00.012032
Request - <TemplateResponse status_code=200, "text/html; charset=utf-8"> Execution time - 0:00:00.084222
Request - <TemplateResponse status_code=200, "text/html; charset=utf-8"> Execution time - 0:00:00.022088
Request - <TemplateResponse status_code=200, "text/html; charset=utf-8"> Execution time - 0:00:00.061158
Request - <HttpResponse status_code=200, "text/javascript"> Execution time - 0:00:00.007018
Request - <TemplateResponse status_code=200, "text/html; charset=utf-8"> Execution time - 0:00:00.025065
Request - <TemplateResponse status_code=200, "text/html; charset=utf-8"> Execution time - 0:00:00.057181
Request - <HttpResponse status_code=200, "text/javascript"> Execution time - 0:00:00.007018
Request - <TemplateResponse status_code=200, "text/html; charset=utf-8"> Execution time - 0:00:00.019049
Request - <HttpResponse status_code=200, "text/html; charset=utf-8"> Execution time - 0:00:00.008051
Request - <TemplateResponse status_code=200, "text/html; charset=utf-8"> Execution time - 0:00:00.213426
Request - <HttpResponse status_code=200, "text/html; charset=utf-8"> Execution time - 0:00:00.005041
Request - <HttpResponse status_code=200, "text/html; charset=utf-8"> Execution time - 0:00:00.018048
Request - <HttpResponse status_code=200, "text/html; charset=utf-8"> Execution time - 0:00:00.018078
Request - <TemplateResponse status_code=200, "text/html; charset=utf-8"> Execution time - 0:00:00.037085
Request - <HttpResponseRedirect status_code=302, "text/html; charset=utf-8", url="/"> Execution time - 0:00:00.818352
Request - <HttpResponse status_code=200, "text/html; charset=utf-8"> Execution time - 0:00:00.051502
Request - <HttpResponse status_code=200, "text/html; charset=utf-8"> Execution time - 0:00:00.023063
Request - <HttpResponse status_code=500, "text/html"> Execution time - 0:00:02.443065
Request - <HttpResponse status_code=200, "text/html; charset=utf-8"> Execution time - 0:00:00.022040
Request - <HttpResponse status_code=200, "text/html; charset=utf-8"> Execution time - 0:00:00.180823
Request - <HttpResponseNotFound status_code=404, "text/html"> Execution time - 0:00:00.004009
Request - <HttpResponse status_code=200, "text/html; charset=utf-8"> Execution time - 0:00:00.140365
Request - <HttpResponseRedirect status_code=302, "text/html; charset=utf-8", url="/"> Execution time - 0:00:00.501608
Request - <HttpResponse status_code=200, "text/html; charset=utf-8"> Execution time - 0:00:00.025098
Request - <HttpResponse status_code=200, "text/html; charset=utf-8"> Execution time - 0:00:00.066177
Request - <HttpResponse status_code=500, "text/html"> Execution time - 0:00:00.131133
Request - <HttpResponse status_code=200, "text/html; charset=utf-8"> Execution time - 0:00:00.102277
Request - <HttpResponseNotFound status_code=404, "text/html"> Execution time - 0:00:00.005012
Request - <HttpResponse status_code=500, "text/html"> Execution time - 0:00:00.058154
Request - <HttpResponse status_code=200, "text/html; charset=utf-8"> Execution time - 0:00:00.079208
Request - <HttpResponse status_code=500, "text/html"> Execution time - 0:00:00.057180
Request - <HttpResponse status_code=200, "text/html; charset=utf-8"> Execution time - 0:00:00.091242
Request - <HttpResponseNotFound status_code=404, "text/html"> Execution time - 0:00:00.005013
Request - <HttpResponse status_code=500, "text/html"> Execution time - 0:00:00.056143
Request - <HttpResponse status_code=200, "text/html; charset=utf-8"> Execution time - 0:00:00.086229
Request - <HttpResponseNotFound status_code=404, "text/html"> Execution time - 0:00:00.009013
Request - <HttpResponse status_code=500, "text/html"> Execution time - 0:00:00.052161
Request - <HttpResponse status_code=200, "text/html; charset=utf-8"> Execution time - 0:00:00.084261
Request - <HttpResponse status_code=500, "text/html"> Execution time - 0:00:00.061161
Request - <HttpResponse status_code=200, "text/html; charset=utf-8"> Execution time - 0:00:00.429142
Request - <HttpResponseNotFound status_code=404, "text/html"> Execution time - 0:00:00.004010
Request - <HttpResponse status_code=500, "text/html"> Execution time - 0:00:00.247985
Request - <HttpResponseRedirect status_code=302, "text/html; charset=utf-8", url="/"> Execution time - 0:00:00.419030
Request - <HttpResponse status_code=200, "text/html; charset=utf-8"> Execution time - 0:00:00.037100
Request - <HttpResponse status_code=200, "text/html; charset=utf-8"> Execution time - 0:00:00.062165
Request - <HttpResponse status_code=500, "text/html"> Execution time - 0:00:00.056150
Request - <HttpResponse status_code=500, "text/html"> Execution time - 0:00:00.090227
Request - <HttpResponse status_code=200, "text/html; charset=utf-8"> Execution time - 0:00:00.083222
Request - <HttpResponse status_code=500, "text/html"> Execution time - 0:00:00.054124
Request - <HttpResponse status_code=200, "text/html; charset=utf-8"> Execution time - 0:00:00.063159
Request - <HttpResponse status_code=200, "text/html; charset=utf-8"> Execution time - 0:00:00.063167
Request - <HttpResponse status_code=200, "text/html; charset=utf-8"> Execution time - 0:00:00.096289
Request - <HttpResponseNotFound status_code=404, "text/html"> Execution time - 0:00:00.007017
Request - <HttpResponse status_code=200, "text/html; charset=utf-8"> Execution time - 0:00:00.088234
Request - <HttpResponse status_code=200, "text/html; charset=utf-8"> Execution time - 0:00:00.064164
Request - <HttpResponse status_code=200, "text/html; charset=utf-8"> Execution time - 0:00:00.119309
Request - <HttpResponse status_code=200, "text/html; charset=utf-8"> Execution time - 0:00:00.083205
Request - <HttpResponseNotFound status_code=404, "text/html"> Execution time - 0:00:00.004020
Request - <HttpResponse status_code=200, "text/html; charset=utf-8"> Execution time - 0:00:00.082219
Request - <HttpResponseNotFound status_code=404, "text/html"> Execution time - 0:00:00.006021
Request - <HttpResponse status_code=200, "text/html; charset=utf-8"> Execution time - 0:00:00.095242
Request - <HttpResponseNotFound status_code=404, "text/html"> Execution time - 0:00:00.004009
Request - <HttpResponse status_code=200, "text/html; charset=utf-8"> Execution time - 0:00:00.072188
Request - <HttpResponseNotFound status_code=404, "text/html"> Execution time - 0:00:00.005015
Request - <HttpResponse status_code=200, "text/html; charset=utf-8"> Execution time - 0:00:00.062202
Request - <HttpResponseNotFound status_code=404, "text/html"> Execution time - 0:00:00.004010
Request - <HttpResponse status_code=200, "text/html; charset=utf-8"> Execution time - 0:00:00.066206
Request - <HttpResponseNotFound status_code=404, "text/html"> Execution time - 0:00:00.006005
Request - <HttpResponse status_code=200, "text/html; charset=utf-8"> Execution time - 0:00:00.077234
Request - <HttpResponseNotFound status_code=404, "text/html"> Execution time - 0:00:00.003004
Request - <HttpResponse status_code=200, "text/html; charset=utf-8"> Execution time - 0:00:00.062169
Request - <HttpResponseNotFound status_code=404, "text/html"> Execution time - 0:00:00.005017
Request - <HttpResponse status_code=200, "text/html; charset=utf-8"> Execution time - 0:00:00.083223
Request - <HttpResponseNotFound status_code=404, "text/html"> Execution time - 0:00:00.006046
Request - <HttpResponse status_code=200, "text/html; charset=utf-8"> Execution time - 0:00:00.010026
Request - <HttpResponse status_code=200, "text/html; charset=utf-8"> Execution time - 0:00:00.063197
Request - <HttpResponse status_code=500, "text/html"> Execution time - 0:00:00.053170
Request - <HttpResponse status_code=200, "text/html; charset=utf-8"> Execution time - 0:00:00.010059
Request - <HttpResponse status_code=200, "text/html; charset=utf-8"> Execution time - 0:00:00.010026
Request - <HttpResponse status_code=200, "text/html; charset=utf-8"> Execution time - 0:00:00.087231
Request - <HttpResponse status_code=200, "text/html; charset=utf-8"> Execution time - 0:00:00.073180
Request - <HttpResponse status_code=200, "text/html; charset=utf-8"> Execution time - 0:00:00.024064
Request - <HttpResponse status_code=200, "text/html; charset=utf-8"> Execution time - 0:00:00.064191
Request - <HttpResponse status_code=200, "text/html; charset=utf-8"> Execution time - 0:00:00.068178
Request - <HttpResponse status_code=200, "text/html; charset=utf-8"> Execution time - 0:00:00.081216
Request - <HttpResponse status_code=200, "text/html; charset=utf-8"> Execution time - 0:00:00.067178
Request - <HttpResponse status_code=200, "text/html; charset=utf-8"> Execution time - 0:00:00.075229
Request - <HttpResponse status_code=200, "text/html; charset=utf-8"> Execution time - 0:00:00.061161
Request - <TemplateResponse status_code=200, "text/html; charset=utf-8"> Execution time - 0:00:00.175651
Request - <TemplateResponse status_code=200, "text/html; charset=utf-8"> Execution time - 0:00:00.019051
Request - <HttpResponse status_code=200, "text/html; charset=utf-8"> Execution time - 0:00:00.006015
Request - <HttpResponse status_code=200, "text/html; charset=utf-8"> Execution time - 0:00:00.026069
Request - <HttpResponse status_code=200, "text/html; charset=utf-8"> Execution time - 0:00:00.036094
Request - <HttpResponse status_code=200, "text/html; charset=utf-8"> Execution time - 0:00:00.001970
Request - <HttpResponse status_code=200, "text/html; charset=utf-8"> Execution time - 0:00:00.023091
Request - <HttpResponseNotFound status_code=404, "text/html"> Execution time - 0:00:00.004009
Request - <HttpResponse status_code=500, "text/html"> Execution time - 0:00:00.283766
Request - <HttpResponseNotFound status_code=404, "text/html"> Execution time - 0:00:00.005015
Request - <HttpResponse status_code=200, "text/html; charset=utf-8"> Execution time - 0:00:00.018046
Request - <HttpResponseRedirect status_code=302, "text/html; charset=utf-8", url="/admin/login/?next=/admin/"> Execution time - 0:00:00.012030
Request - <TemplateResponse status_code=200, "text/html; charset=utf-8"> Execution time - 0:00:00.396375
Request - <HttpResponseRedirect status_code=302, "text/html; charset=utf-8", url="/admin/"> Execution time - 0:00:00.765445
Request - <TemplateResponse status_code=200, "text/html; charset=utf-8"> Execution time - 0:00:00.058464
Request - <TemplateResponse status_code=200, "text/html; charset=utf-8"> Execution time - 0:00:00.236691
Request - <HttpResponse status_code=200, "text/javascript"> Execution time - 0:00:00.015043
Request - <TemplateResponse status_code=200, "text/html; charset=utf-8"> Execution time - 0:00:00.151238
Request - <HttpResponse status_code=200, "text/javascript"> Execution time - 0:00:00.010026
Request - <HttpResponse status_code=500, "text/html"> Execution time - 0:00:00.176177
Request - <HttpResponse status_code=500, "text/html"> Execution time - 0:00:00.096254
Request - <HttpResponse status_code=500, "text/html"> Execution time - 0:00:00.156618
Request - <HttpResponse status_code=500, "text/html"> Execution time - 0:00:00.195999
Request - <HttpResponseNotFound status_code=404, "text/html"> Execution time - 0:00:00.005041
Request - <HttpResponse status_code=500, "text/html"> Execution time - 0:00:00.112338
Request - <HttpResponse status_code=200, "text/html; charset=utf-8"> Execution time - 0:00:00.013027
Request - <HttpResponse status_code=200, "text/html; charset=utf-8"> Execution time - 0:00:00.009024
Request - <HttpResponse status_code=200, "text/html; charset=utf-8"> Execution time - 0:00:00.035096
Request - <HttpResponseNotFound status_code=404, "text/html"> Execution time - 0:00:00.003974
Request - <TemplateResponse status_code=200, "text/html; charset=utf-8"> Execution time - 0:00:00.075198
Request - <HttpResponse status_code=200, "text/javascript"> Execution time - 0:00:00.012032
Request - <HttpResponse status_code=200, "text/html; charset=utf-8"> Execution time - 0:00:00.022092
Request - <HttpResponse status_code=200, "text/html; charset=utf-8"> Execution time - 0:00:00.019084
Request - <HttpResponse status_code=200, "text/html; charset=utf-8"> Execution time - 0:00:00.024063
Request - <HttpResponse status_code=200, "text/html; charset=utf-8"> Execution time - 0:00:00.015070
Request - <HttpResponseNotFound status_code=404, "text/html"> Execution time - 0:00:00.004008
Request - <HttpResponse status_code=200, "text/html; charset=utf-8"> Execution time - 0:00:00.012031
Request - <HttpResponseNotFound status_code=404, "text/html"> Execution time - 0:00:00.011022
Request - <TemplateResponse status_code=200, "text/html; charset=utf-8"> Execution time - 0:00:00.013061
Request - <HttpResponse status_code=200, "text/html; charset=utf-8"> Execution time - 0:00:00.005012
Request - <HttpResponse status_code=200, "text/html; charset=utf-8"> Execution time - 0:00:00.018080
Request - <HttpResponse status_code=200, "text/html; charset=utf-8"> Execution time - 0:00:00.009053
Request - <HttpResponseNotFound status_code=404, "text/html"> Execution time - 0:00:00.005055
Request - <HttpResponse status_code=200, "text/html; charset=utf-8"> Execution time - 0:00:00.022059
Request - <HttpResponseNotFound status_code=404, "text/html"> Execution time - 0:00:00.007019
Request - <HttpResponse status_code=200, "text/html; charset=utf-8"> Execution time - 0:00:00.021085
Request - <HttpResponse status_code=200, "text/html; charset=utf-8"> Execution time - 0:00:00.032083
Request - <HttpResponseNotFound status_code=404, "text/html"> Execution time - 0:00:00.005014
Request - <TemplateResponse status_code=200, "text/html; charset=utf-8"> Execution time - 0:00:00.074232
Request - <HttpResponse status_code=200, "text/javascript"> Execution time - 0:00:00.012029
Request - <HttpResponse status_code=200, "text/html; charset=utf-8"> Execution time - 0:00:00.009056
Request - <TemplateResponse status_code=200, "text/html; charset=utf-8"> Execution time - 0:00:00.178727
Request - <TemplateResponse status_code=200, "text/html; charset=utf-8"> Execution time - 0:00:00.012031
Request - <HttpResponseRedirect status_code=302, "text/html; charset=utf-8", url="/"> Execution time - 0:00:00.682297
Request - <HttpResponse status_code=200, "text/html; charset=utf-8"> Execution time - 0:00:00.014035
Request - <HttpResponseRedirect status_code=302, "text/html; charset=utf-8", url="/admin/login/?next=/admin/profile_app/profile/7/change/"> Execution time - 0:00:00.006017
Request - <TemplateResponse status_code=200, "text/html; charset=utf-8"> Execution time - 0:00:00.030108
Request - <HttpResponseRedirect status_code=302, "text/html; charset=utf-8", url="/admin/profile_app/profile/7/change/"> Execution time - 0:00:00.632169
Request - <TemplateResponse status_code=200, "text/html; charset=utf-8"> Execution time - 0:00:00.065202
Request - <HttpResponse status_code=200, "text/javascript"> Execution time - 0:00:00.007015
Request - <HttpResponseRedirect status_code=302, "text/html; charset=utf-8", url="/admin/"> Execution time - 0:00:00.003006
Request - <TemplateResponse status_code=200, "text/html; charset=utf-8"> Execution time - 0:00:00.021055
Request - <HttpResponse status_code=200, "text/html; charset=utf-8"> Execution time - 0:00:00.010024
Request - <HttpResponse status_code=200, "text/html; charset=utf-8"> Execution time - 0:00:00.014037
Request - <HttpResponse status_code=200, "text/html; charset=utf-8"> Execution time - 0:00:00.012928
Request - <TemplateResponse status_code=200, "text/html; charset=utf-8"> Execution time - 0:00:00.054173
Request - <HttpResponse status_code=200, "text/javascript"> Execution time - 0:00:00.007005
Request - <HttpResponse status_code=200, "text/html; charset=utf-8"> Execution time - 0:00:00.257230
Request - <HttpResponseNotFound status_code=404, "text/html"> Execution time - 0:00:00.006519
Request - <HttpResponsePermanentRedirect status_code=301, "text/html; charset=utf-8", url="/login/"> Execution time - 0:00:00
Request - <TemplateResponse status_code=200, "text/html; charset=utf-8"> Execution time - 0:00:00.109049
Request - <HttpResponseRedirect status_code=302, "text/html; charset=utf-8", url="/"> Execution time - 0:00:00.700128
Request - <HttpResponse status_code=200, "text/html; charset=utf-8"> Execution time - 0:00:00.099098
Request - <HttpResponsePermanentRedirect status_code=301, "text/html; charset=utf-8", url="/profile/"> Execution time - 0:00:00.000501
Request - <HttpResponse status_code=200, "text/html; charset=utf-8"> Execution time - 0:00:00.194267
Request - <HttpResponseRedirect status_code=302, "text/html; charset=utf-8", url="/"> Execution time - 0:00:00.558146
Request - <HttpResponse status_code=200, "text/html; charset=utf-8"> Execution time - 0:00:00.009026
Request - <HttpResponseRedirect status_code=302, "text/html; charset=utf-8", url="/admin/login/?next=/admin/profile_app/profile/7/change/"> Execution time - 0:00:00.017045
Request - <TemplateResponse status_code=200, "text/html; charset=utf-8"> Execution time - 0:00:00.104700
Request - <HttpResponseRedirect status_code=302, "text/html; charset=utf-8", url="/admin/profile_app/profile/7/change/"> Execution time - 0:00:00.711241
Request - <TemplateResponse status_code=200, "text/html; charset=utf-8"> Execution time - 0:00:00.130145
Request - <HttpResponse status_code=200, "text/javascript"> Execution time - 0:00:00.016545
Request - <TemplateResponse status_code=200, "text/html; charset=utf-8"> Execution time - 0:00:00.028103
Request - <TemplateResponse status_code=200, "text/html; charset=utf-8"> Execution time - 0:00:00.293398
Request - <HttpResponse status_code=200, "text/javascript"> Execution time - 0:00:00.006515
Request - <TemplateResponse status_code=200, "text/html; charset=utf-8"> Execution time - 0:00:00.028106
Request - <TemplateResponse status_code=200, "text/html; charset=utf-8"> Execution time - 0:00:00.023088
Request - <HttpResponse status_code=200, "text/html; charset=utf-8"> Execution time - 0:00:00.011530
Request - <TemplateResponse status_code=200, "text/html; charset=utf-8"> Execution time - 0:00:00.061199
Request - <HttpResponse status_code=200, "text/javascript"> Execution time - 0:00:00.012028
Request - <TemplateResponse status_code=200, "text/html; charset=utf-8"> Execution time - 0:00:00.062202
Request - <HttpResponse status_code=200, "text/javascript"> Execution time - 0:00:00.011031
Request - <TemplateResponse status_code=200, "text/html; charset=utf-8"> Execution time - 0:00:00.172961
Request - <TemplateResponse status_code=200, "text/html; charset=utf-8"> Execution time - 0:00:00.203540
Request - <HttpResponse status_code=200, "text/javascript"> Execution time - 0:00:00.011029
Request - <TemplateResponse status_code=200, "text/html; charset=utf-8"> Execution time - 0:00:00.127337
Request - <HttpResponse status_code=200, "text/javascript"> Execution time - 0:00:00.009017
Request - <HttpResponse status_code=500, "text/html"> Execution time - 0:00:00.284544
Request - <HttpResponse status_code=500, "text/html"> Execution time - 0:00:00.122494
Request - <HttpResponseNotFound status_code=404, "text/html"> Execution time - 0:00:00.006013
Request - <HttpResponse status_code=500, "text/html"> Execution time - 0:00:00.134358
Request - <HttpResponseNotFound status_code=404, "text/html"> Execution time - 0:00:00.004510
Request - <HttpResponse status_code=500, "text/html"> Execution time - 0:00:00.141483
Request - <HttpResponseNotFound status_code=404, "text/html"> Execution time - 0:00:00.005010
Request - <HttpResponse status_code=500, "text/html"> Execution time - 0:00:00.195688
Request - <HttpResponseNotFound status_code=404, "text/html"> Execution time - 0:00:00.004512
Request - <HttpResponse status_code=500, "text/html"> Execution time - 0:00:00.121859
Request - <HttpResponseNotFound status_code=404, "text/html"> Execution time - 0:00:00.005009
Request - <HttpResponse status_code=500, "text/html"> Execution time - 0:00:00.134857
Request - <HttpResponse status_code=500, "text/html"> Execution time - 0:00:00.143490
Request - <HttpResponseNotFound status_code=404, "text/html"> Execution time - 0:00:00.004559
Request - <HttpResponse status_code=500, "text/html"> Execution time - 0:00:00.104778
Request - <HttpResponse status_code=500, "text/html"> Execution time - 0:00:00.111333
Request - <HttpResponseNotFound status_code=404, "text/html"> Execution time - 0:00:00.005013
Request - <HttpResponse status_code=500, "text/html"> Execution time - 0:00:00.147390
Request - <HttpResponseNotFound status_code=404, "text/html"> Execution time - 0:00:00.004513
Request - <HttpResponse status_code=500, "text/html"> Execution time - 0:00:00.129374
Request - <HttpResponseNotFound status_code=404, "text/html"> Execution time - 0:00:00.004511
Request - <HttpResponse status_code=500, "text/html"> Execution time - 0:00:00.132855
Request - <HttpResponse status_code=500, "text/html"> Execution time - 0:00:00.143382
Request - <HttpResponse status_code=500, "text/html"> Execution time - 0:00:00.133856
Request - <HttpResponse status_code=200, "text/html; charset=utf-8"> Execution time - 0:00:00.016044
Request - <TemplateResponse status_code=200, "text/html; charset=utf-8"> Execution time - 0:00:00.083217
Request - <HttpResponse status_code=200, "text/javascript"> Execution time - 0:00:00.006051
Request - <HttpResponse status_code=200, "text/html; charset=utf-8"> Execution time - 0:00:00.021085
Request - <HttpResponsePermanentRedirect status_code=301, "text/html; charset=utf-8", url="/logout/"> Execution time - 0:00:00.000504
Request - <TemplateResponse status_code=200, "text/html; charset=utf-8"> Execution time - 0:00:00.273956
Request - <TemplateResponse status_code=200, "text/html; charset=utf-8"> Execution time - 0:00:00.017046
Request - <HttpResponseRedirect status_code=302, "text/html; charset=utf-8", url="/"> Execution time - 0:00:00.721943
Request - <HttpResponse status_code=200, "text/html; charset=utf-8"> Execution time - 0:00:00.034592
Request - <HttpResponseRedirect status_code=302, "text/html; charset=utf-8", url="/admin/login/?next=/admin/profile_app/profile/7/change/"> Execution time - 0:00:00.015543
Request - <TemplateResponse status_code=200, "text/html; charset=utf-8"> Execution time - 0:00:00.026103
Request - <HttpResponseRedirect status_code=302, "text/html; charset=utf-8", url="/admin/profile_app/profile/7/change/"> Execution time - 0:00:00.886684
Request - <TemplateResponse status_code=200, "text/html; charset=utf-8"> Execution time - 0:00:00.062665
Request - <HttpResponse status_code=200, "text/javascript"> Execution time - 0:00:00.010529
Request - <HttpResponseRedirect status_code=302, "text/html; charset=utf-8", url="/admin/"> Execution time - 0:00:00.004550
Request - <TemplateResponse status_code=200, "text/html; charset=utf-8"> Execution time - 0:00:00.018548
Request - <HttpResponse status_code=200, "text/html; charset=utf-8"> Execution time - 0:00:00.516001
Request - <HttpResponseNotFound status_code=404, "text/html"> Execution time - 0:00:00.003953
Request - <TemplateResponse status_code=200, "text/html; charset=utf-8"> Execution time - 0:00:00.268032
Request - <TemplateResponse status_code=200, "text/html; charset=utf-8"> Execution time - 0:00:00.155998
Request - <HttpResponseRedirect status_code=302, "text/html; charset=utf-8", url="/"> Execution time - 0:00:01.120202
Request - <HttpResponse status_code=200, "text/html; charset=utf-8"> Execution time - 0:00:00.084004
Request - <HttpResponse status_code=200, "text/html; charset=utf-8"> Execution time - 0:00:00.167998
Request - <HttpResponseRedirect status_code=302, "text/html; charset=utf-8", url="/"> Execution time - 0:00:00.513429
Request - <HttpResponse status_code=200, "text/html; charset=utf-8"> Execution time - 0:00:00.040003
Request - <HttpResponse status_code=200, "text/html; charset=utf-8"> Execution time - 0:00:00.187991
Request - <HttpResponseRedirect status_code=302, "text/html; charset=utf-8", url="/"> Execution time - 0:00:00.654070
Request - <HttpResponse status_code=200, "text/html; charset=utf-8"> Execution time - 0:00:00.012028
Request - <HttpResponse status_code=200, "text/html; charset=utf-8"> Execution time - 0:00:00.100000
Request - <HttpResponseRedirect status_code=302, "text/html; charset=utf-8", url="/"> Execution time - 0:00:00.584041
Request - <HttpResponse status_code=200, "text/html; charset=utf-8"> Execution time - 0:00:00.040039
Request - <HttpResponse status_code=200, "text/html; charset=utf-8"> Execution time - 0:00:00.187998
Request - <HttpResponseRedirect status_code=302, "text/html; charset=utf-8", url="/"> Execution time - 0:00:00.526087
Request - <HttpResponse status_code=200, "text/html; charset=utf-8"> Execution time - 0:00:00.052006
Request - <HttpResponse status_code=200, "text/html; charset=utf-8"> Execution time - 0:00:00.239995
Request - <HttpResponseRedirect status_code=302, "text/html; charset=utf-8", url="/"> Execution time - 0:00:00.456273
Request - <HttpResponse status_code=200, "text/html; charset=utf-8"> Execution time - 0:00:00.031991
Request - <HttpResponse status_code=200, "text/html; charset=utf-8"> Execution time - 0:00:00.292006
Request - <HttpResponseRedirect status_code=302, "text/html; charset=utf-8", url="/"> Execution time - 0:00:00.672037
Request - <HttpResponse status_code=200, "text/html; charset=utf-8"> Execution time - 0:00:00.032000
Request - <HttpResponse status_code=200, "text/html; charset=utf-8"> Execution time - 0:00:00.271996
Request - <HttpResponseRedirect status_code=302, "text/html; charset=utf-8", url="/"> Execution time - 0:00:00.492005
Request - <HttpResponse status_code=200, "text/html; charset=utf-8"> Execution time - 0:00:00.039998
Request - <HttpResponse status_code=200, "text/html; charset=utf-8"> Execution time - 0:00:00.055999
Request - <HttpResponse status_code=200, "text/html; charset=utf-8"> Execution time - 0:00:00.356004
Request - <HttpResponseRedirect status_code=302, "text/html; charset=utf-8", url="/"> Execution time - 0:00:00.610106
Request - <HttpResponse status_code=200, "text/html; charset=utf-8"> Execution time - 0:00:00.035996
Request - <HttpResponse status_code=200, "text/html; charset=utf-8"> Execution time - 0:00:00.255997
Request - <HttpResponseRedirect status_code=302, "text/html; charset=utf-8", url="/"> Execution time - 0:00:00.798424
Request - <HttpResponse status_code=200, "text/html; charset=utf-8"> Execution time - 0:00:00.020000
Request - <HttpResponse status_code=200, "text/html; charset=utf-8"> Execution time - 0:00:00.135998
Request - <HttpResponse status_code=500, "text/html"> Execution time - 0:00:01.286222
Request - <HttpResponse status_code=500, "text/html"> Execution time - 0:00:00.420028
Request - <HttpResponseNotFound status_code=404, "text/html"> Execution time - 0:00:00.008004
Request - <HttpResponse status_code=200, "text/html; charset=utf-8"> Execution time - 0:00:00.092047
Request - <HttpResponseNotFound status_code=404, "text/html"> Execution time - 0:00:00.008023
Request - <HttpResponse status_code=200, "text/html; charset=utf-8"> Execution time - 0:00:00.171973
Request - <HttpResponseRedirect status_code=302, "text/html; charset=utf-8", url="/"> Execution time - 0:00:00.692002
Request - <HttpResponse status_code=200, "text/html; charset=utf-8"> Execution time - 0:00:00.080042
Request - <HttpResponse status_code=200, "text/html; charset=utf-8"> Execution time - 0:00:00.095987
Request - <HttpResponseRedirect status_code=302, "text/html; charset=utf-8", url="/"> Execution time - 0:00:00.309941
Request - <HttpResponse status_code=200, "text/html; charset=utf-8"> Execution time - 0:00:00.027999
Request - <HttpResponse status_code=200, "text/html; charset=utf-8"> Execution time - 0:00:00.176006
Request - <HttpResponseNotFound status_code=404, "text/html"> Execution time - 0:00:00.004005
Request - <HttpResponseRedirect status_code=302, "text/html; charset=utf-8", url="/"> Execution time - 0:00:00.530156
Request - <HttpResponse status_code=200, "text/html; charset=utf-8"> Execution time - 0:00:00.048005
Request - <TemplateResponse status_code=200, "text/html; charset=utf-8"> Execution time - 0:00:00.198264
Request - <TemplateResponse status_code=200, "text/html; charset=utf-8"> Execution time - 0:00:00.047989
Request - <HttpResponseRedirect status_code=302, "text/html; charset=utf-8", url="/"> Execution time - 0:00:00.724584
Request - <HttpResponse status_code=200, "text/html; charset=utf-8"> Execution time - 0:00:00.044035
Request - <HttpResponse status_code=200, "text/html; charset=utf-8"> Execution time - 0:00:00.176000
Request - <HttpResponseRedirect status_code=302, "text/html; charset=utf-8", url="/"> Execution time - 0:00:00.610318
Request - <HttpResponse status_code=200, "text/html; charset=utf-8"> Execution time - 0:00:00.040023
Request - <HttpResponse status_code=200, "text/html; charset=utf-8"> Execution time - 0:00:00.088005
Request - <HttpResponseNotFound status_code=404, "text/html"> Execution time - 0:00:00.039999
Request - <HttpResponse status_code=200, "text/html; charset=utf-8"> Execution time - 0:00:00.260035
Request - <HttpResponseRedirect status_code=302, "text/html; charset=utf-8", url="/"> Execution time - 0:00:00.411999
Request - <HttpResponse status_code=200, "text/html; charset=utf-8"> Execution time - 0:00:00.043999
Request - <HttpResponse status_code=200, "text/html; charset=utf-8"> Execution time - 0:00:00.500010
Request - <HttpResponseRedirect status_code=302, "text/html; charset=utf-8", url="/"> Execution time - 0:00:00.524346
Request - <HttpResponse status_code=200, "text/html; charset=utf-8"> Execution time - 0:00:00.015959
Request - <HttpResponse status_code=200, "text/html; charset=utf-8"> Execution time - 0:00:00.160000
Request - <HttpResponseRedirect status_code=302, "text/html; charset=utf-8", url="/"> Execution time - 0:00:00.875941
Request - <HttpResponse status_code=200, "text/html; charset=utf-8"> Execution time - 0:00:00.024000
Request - <HttpResponse status_code=200, "text/html; charset=utf-8"> Execution time - 0:00:00.323961
Request - <HttpResponseRedirect status_code=302, "text/html; charset=utf-8", url="/"> Execution time - 0:00:00.863996
Request - <HttpResponse status_code=200, "text/html; charset=utf-8"> Execution time - 0:00:00.048030
Request - <TemplateResponse status_code=200, "text/html; charset=utf-8"> Execution time - 0:00:00.238320
Request - <HttpResponsePermanentRedirect status_code=301, "text/html; charset=utf-8", url="/signup/"> Execution time - 0:00:00
Request - <HttpResponse status_code=200, "text/html; charset=utf-8"> Execution time - 0:00:00.143932
Request - <HttpResponse status_code=500, "text/html"> Execution time - 0:00:01.047987
Request - <HttpResponse status_code=200, "text/html; charset=utf-8"> Execution time - 0:00:00.048001
Request - <HttpResponseRedirect status_code=302, "text/html; charset=utf-8", url="/signin/"> Execution time - 0:00:01.651562
Request - <HttpResponse status_code=200, "text/html; charset=utf-8"> Execution time - 0:00:00.039999
Request - <HttpResponseRedirect status_code=302, "text/html; charset=utf-8", url="/admin/login/?next=/admin/"> Execution time - 0:00:00.016015
Request - <TemplateResponse status_code=200, "text/html; charset=utf-8"> Execution time - 0:00:00.344056
Request - <HttpResponseRedirect status_code=302, "text/html; charset=utf-8", url="/admin/"> Execution time - 0:00:00.927997
Request - <TemplateResponse status_code=200, "text/html; charset=utf-8"> Execution time - 0:00:00.060002
Request - <TemplateResponse status_code=200, "text/html; charset=utf-8"> Execution time - 0:00:00.403994
Request - <HttpResponse status_code=200, "text/javascript"> Execution time - 0:00:00.024016
Request - <TemplateResponse status_code=200, "text/html; charset=utf-8"> Execution time - 0:00:00.532035
Request - <HttpResponse status_code=200, "text/javascript"> Execution time - 0:00:00.007994
Request - <TemplateResponse status_code=200, "text/html; charset=utf-8"> Execution time - 0:00:00.292002
Request - <TemplateResponse status_code=200, "text/html; charset=utf-8"> Execution time - 0:00:00.116048
Request - <HttpResponse status_code=200, "text/html; charset=utf-8"> Execution time - 0:00:00.112039
Request - <HttpResponse status_code=200, "text/html; charset=utf-8"> Execution time - 0:00:00.047998
Request - <TemplateResponse status_code=200, "text/html; charset=utf-8"> Execution time - 0:00:00.279949
Request - <HttpResponse status_code=200, "text/html; charset=utf-8"> Execution time - 0:00:00.060003
Request - <HttpResponse status_code=500, "text/html"> Execution time - 0:00:00.713276
Request - <HttpResponse status_code=200, "text/html; charset=utf-8"> Execution time - 0:00:00.083998
Request - <HttpResponseNotFound status_code=404, "text/html"> Execution time - 0:00:00.011978
Request - <HttpResponse status_code=500, "text/html"> Execution time - 0:00:00.627998
Request - <HttpResponse status_code=200, "text/html; charset=utf-8"> Execution time - 0:00:00.027995
Request - <HttpResponse status_code=500, "text/html"> Execution time - 0:00:00.748040
Request - <HttpResponse status_code=200, "text/html; charset=utf-8"> Execution time - 0:00:00.152002
Request - <HttpResponseRedirect status_code=302, "text/html; charset=utf-8", url="/admin/login/?next=/admin/"> Execution time - 0:00:00.020000
Request - <TemplateResponse status_code=200, "text/html; charset=utf-8"> Execution time - 0:00:00.024030
Request - <HttpResponseRedirect status_code=302, "text/html; charset=utf-8", url="/admin/"> Execution time - 0:00:01.013802
Request - <TemplateResponse status_code=200, "text/html; charset=utf-8"> Execution time - 0:00:00.092000
Request - <TemplateResponse status_code=200, "text/html; charset=utf-8"> Execution time - 0:00:00.287998
Request - <HttpResponse status_code=200, "text/javascript"> Execution time - 0:00:00.023999
Request - <TemplateResponse status_code=200, "text/html; charset=utf-8"> Execution time - 0:00:00.159999
Request - <HttpResponse status_code=500, "text/html"> Execution time - 0:00:01.523302
Request - <HttpResponsePermanentRedirect status_code=301, "text/html; charset=utf-8", url="/admin/"> Execution time - 0:00:00
Request - <TemplateResponse status_code=200, "text/html; charset=utf-8"> Execution time - 0:00:00.023986
Request - <TemplateResponse status_code=200, "text/html; charset=utf-8"> Execution time - 0:00:00.163989
Request - <HttpResponse status_code=200, "text/javascript"> Execution time - 0:00:00.012000
Request - <TemplateResponse status_code=200, "text/html; charset=utf-8"> Execution time - 0:00:00.099997
Request - <HttpResponseRedirect status_code=302, "text/html; charset=utf-8", url="/admin/profile_app/profile/"> Execution time - 0:00:00.640028
Request - <TemplateResponse status_code=200, "text/html; charset=utf-8"> Execution time - 0:00:00.120003
Request - <HttpResponse status_code=200, "text/javascript"> Execution time - 0:00:00.012013
Request - <TemplateResponse status_code=200, "text/html; charset=utf-8"> Execution time - 0:00:00.048033
Request - <TemplateResponse status_code=200, "text/html; charset=utf-8"> Execution time - 0:00:00.596005
Request - <HttpResponse status_code=200, "text/javascript"> Execution time - 0:00:00.007998
Request - <TemplateResponse status_code=200, "text/html; charset=utf-8"> Execution time - 0:00:00.088063
Request - <TemplateResponse status_code=200, "text/html; charset=utf-8"> Execution time - 0:00:00.279960
Request - <HttpResponse status_code=200, "text/javascript"> Execution time - 0:00:00.015997
Request - <TemplateResponse status_code=200, "text/html; charset=utf-8"> Execution time - 0:00:00.107988
Request - <HttpResponse status_code=500, "text/html"> Execution time - 0:00:01.391966
Request - <HttpResponseRedirect status_code=302, "text/html; charset=utf-8", url="/admin/auth/user/"> Execution time - 0:00:00.985596
Request - <TemplateResponse status_code=200, "text/html; charset=utf-8"> Execution time - 0:00:00.119997
Request - <HttpResponse status_code=200, "text/javascript"> Execution time - 0:00:00.008001
Request - <HttpResponse status_code=200, "text/html; charset=utf-8"> Execution time - 0:00:00.011053
Request - <TemplateResponse status_code=200, "text/html; charset=utf-8"> Execution time - 0:00:00.267716
Request - <HttpResponse status_code=200, "text/html; charset=utf-8"> Execution time - 0:00:00.041108
Request - <HttpResponseRedirect status_code=302, "text/html; charset=utf-8", url="/signin/"> Execution time - 0:00:01.609962
Request - <HttpResponse status_code=200, "text/html; charset=utf-8"> Execution time - 0:00:00.017071
Request - <HttpResponseRedirect status_code=302, "text/html; charset=utf-8", url="/admin/login/?next=/admin/"> Execution time - 0:00:00.007020
Request - <TemplateResponse status_code=200, "text/html; charset=utf-8"> Execution time - 0:00:00.026069
Request - <HttpResponseRedirect status_code=302, "text/html; charset=utf-8", url="/admin/"> Execution time - 0:00:00.831371
Request - <TemplateResponse status_code=200, "text/html; charset=utf-8"> Execution time - 0:00:00.034084
Request - <TemplateResponse status_code=200, "text/html; charset=utf-8"> Execution time - 0:00:00.114336
Request - <HttpResponse status_code=200, "text/javascript"> Execution time - 0:00:00.009022
Request - <TemplateResponse status_code=200, "text/html; charset=utf-8"> Execution time - 0:00:00.073211
Request - <HttpResponseRedirect status_code=302, "text/html; charset=utf-8", url="/admin/auth/user/"> Execution time - 0:00:00.399630
Request - <TemplateResponse status_code=200, "text/html; charset=utf-8"> Execution time - 0:00:00.071225
Request - <HttpResponse status_code=200, "text/javascript"> Execution time - 0:00:00.010059
Request - <HttpResponse status_code=200, "text/html; charset=utf-8"> Execution time - 0:00:00.042110
Request - <HttpResponse status_code=200, "text/html; charset=utf-8"> Execution time - 0:00:00.054142
Request - <TemplateResponse status_code=200, "text/html; charset=utf-8"> Execution time - 0:00:00.321366
Request - <TemplateResponse status_code=200, "text/html; charset=utf-8"> Execution time - 0:00:00.021060
Request - <TemplateResponse status_code=200, "text/html; charset=utf-8"> Execution time - 0:00:00.079206
Request - <HttpResponseRedirect status_code=302, "text/html; charset=utf-8", url="/"> Execution time - 0:00:00.662727
Request - <HttpResponse status_code=200, "text/html; charset=utf-8"> Execution time - 0:00:00.023093
Request - <HttpResponse status_code=200, "text/html; charset=utf-8"> Execution time - 0:00:00.124355
Request - <HttpResponseRedirect status_code=302, "text/html; charset=utf-8", url="/"> Execution time - 0:00:00.567152
Request - <HttpResponse status_code=200, "text/html; charset=utf-8"> Execution time - 0:00:00.028075
Request - <HttpResponse status_code=200, "text/html; charset=utf-8"> Execution time - 0:00:00.084222
Request - <HttpResponseRedirect status_code=302, "text/html; charset=utf-8", url="/"> Execution time - 0:00:00.780902
Request - <HttpResponse status_code=200, "text/html; charset=utf-8"> Execution time - 0:00:00.023061
Request - <TemplateResponse status_code=200, "text/html; charset=utf-8"> Execution time - 0:00:00.201672
Request - <HttpResponse status_code=200, "text/html; charset=utf-8"> Execution time - 0:00:00.027073
Request - <HttpResponseRedirect status_code=302, "text/html; charset=utf-8", url="/signin/"> Execution time - 0:00:01.605330
Request - <HttpResponse status_code=200, "text/html; charset=utf-8"> Execution time - 0:00:00.007045
Request - <HttpResponseRedirect status_code=302, "text/html; charset=utf-8", url="/admin/login/?next=/admin/"> Execution time - 0:00:00.020055
Request - <TemplateResponse status_code=200, "text/html; charset=utf-8"> Execution time - 0:00:00.031082
Request - <HttpResponseRedirect status_code=302, "text/html; charset=utf-8", url="/admin/"> Execution time - 0:00:00.792242
Request - <TemplateResponse status_code=200, "text/html; charset=utf-8"> Execution time - 0:00:00.037096
Request - <TemplateResponse status_code=200, "text/html; charset=utf-8"> Execution time - 0:00:00.121316
Request - <HttpResponse status_code=200, "text/javascript"> Execution time - 0:00:00.008021
Request - <TemplateResponse status_code=200, "text/html; charset=utf-8"> Execution time - 0:00:00.060141
Request - <HttpResponseRedirect status_code=302, "text/html; charset=utf-8", url="/admin/auth/user/"> Execution time - 0:00:00.467111
Request - <TemplateResponse status_code=200, "text/html; charset=utf-8"> Execution time - 0:00:00.073225
Request - <HttpResponse status_code=200, "text/javascript"> Execution time - 0:00:00.008020
Request - <HttpResponse status_code=200, "text/html; charset=utf-8"> Execution time - 0:00:00.028076
Request - <TemplateResponse status_code=200, "text/html; charset=utf-8"> Execution time - 0:00:00.215371
Request - <HttpResponse status_code=200, "text/html; charset=utf-8"> Execution time - 0:00:00.031116
Request - <HttpResponse status_code=200, "text/html; charset=utf-8"> Execution time - 0:00:00.016041
Request - <HttpResponseRedirect status_code=302, "text/html; charset=utf-8", url="/signin/"> Execution time - 0:00:01.265394
Request - <HttpResponse status_code=200, "text/html; charset=utf-8"> Execution time - 0:00:00.018052
Request - <TemplateResponse status_code=200, "text/html; charset=utf-8"> Execution time - 0:00:00.023092
Request - <HttpResponseRedirect status_code=302, "text/html; charset=utf-8", url="/"> Execution time - 0:00:00.579248
Request - <HttpResponse status_code=200, "text/html; charset=utf-8"> Execution time - 0:00:00.017049
Request - <HttpResponse status_code=200, "text/html; charset=utf-8"> Execution time - 0:00:00.082253
Request - <HttpResponseRedirect status_code=302, "text/html; charset=utf-8", url="/"> Execution time - 0:00:00.599375
Request - <HttpResponse status_code=200, "text/html; charset=utf-8"> Execution time - 0:00:00.017011
Request - <HttpResponse status_code=200, "text/html; charset=utf-8"> Execution time - 0:00:00.070213
Request - <HttpResponseRedirect status_code=302, "text/html; charset=utf-8", url="/"> Execution time - 0:00:00.548592
Request - <HttpResponse status_code=200, "text/html; charset=utf-8"> Execution time - 0:00:00.019015
Request - <HttpResponse status_code=200, "text/html; charset=utf-8"> Execution time - 0:00:00.027071
Request - <HttpResponse status_code=200, "text/html; charset=utf-8"> Execution time - 0:00:00.108239
Request - <HttpResponseRedirect status_code=302, "text/html; charset=utf-8", url="/"> Execution time - 0:00:00.581139
Request - <HttpResponse status_code=200, "text/html; charset=utf-8"> Execution time - 0:00:00.010058
Request - <HttpResponse status_code=200, "text/html; charset=utf-8"> Execution time - 0:00:00.109286
Request - <HttpResponseRedirect status_code=302, "text/html; charset=utf-8", url="/"> Execution time - 0:00:00.425645
Request - <HttpResponse status_code=200, "text/html; charset=utf-8"> Execution time - 0:00:00.009024
Request - <HttpResponse status_code=200, "text/html; charset=utf-8"> Execution time - 0:00:00.094285
Request - <HttpResponseRedirect status_code=302, "text/html; charset=utf-8", url="/"> Execution time - 0:00:00.691892
Request - <HttpResponse status_code=200, "text/html; charset=utf-8"> Execution time - 0:00:00.023026
Request - <HttpResponse status_code=200, "text/html; charset=utf-8"> Execution time - 0:00:00.109290
Request - <HttpResponseRedirect status_code=302, "text/html; charset=utf-8", url="/"> Execution time - 0:00:00.589136
Request - <HttpResponse status_code=200, "text/html; charset=utf-8"> Execution time - 0:00:00.009060
Request - <HttpResponse status_code=200, "text/html; charset=utf-8"> Execution time - 0:00:00.090273
Request - <HttpResponseRedirect status_code=302, "text/html; charset=utf-8", url="/"> Execution time - 0:00:00.323954
Request - <HttpResponse status_code=200, "text/html; charset=utf-8"> Execution time - 0:00:00.016071
Request - <HttpResponse status_code=200, "text/html; charset=utf-8"> Execution time - 0:00:00.113300
Request - <HttpResponseRedirect status_code=302, "text/html; charset=utf-8", url="/"> Execution time - 0:00:00.831464
Request - <HttpResponse status_code=200, "text/html; charset=utf-8"> Execution time - 0:00:00.013036
Request - <HttpResponse status_code=200, "text/html; charset=utf-8"> Execution time - 0:00:00.094251
Request - <HttpResponseRedirect status_code=302, "text/html; charset=utf-8", url="/"> Execution time - 0:00:00.641124
Request - <HttpResponse status_code=200, "text/html; charset=utf-8"> Execution time - 0:00:00.011030
Request - <TemplateResponse status_code=200, "text/html; charset=utf-8"> Execution time - 0:00:00.199901
Request - <TemplateResponse status_code=200, "text/html; charset=utf-8"> Execution time - 0:00:00.040107
Request - <HttpResponseRedirect status_code=302, "text/html; charset=utf-8", url="/"> Execution time - 0:00:01.292891
Request - <HttpResponse status_code=200, "text/html; charset=utf-8"> Execution time - 0:00:00.015039
Request - <TemplateResponse status_code=200, "text/html; charset=utf-8"> Execution time - 0:00:00.281426
Request - <TemplateResponse status_code=200, "text/html; charset=utf-8"> Execution time - 0:00:00.009023
Request - <HttpResponseRedirect status_code=302, "text/html; charset=utf-8", url="/"> Execution time - 0:00:00.772702
Request - <HttpResponse status_code=200, "text/html; charset=utf-8"> Execution time - 0:00:00.013003
Request - <HttpResponse status_code=200, "text/html; charset=utf-8"> Execution time - 0:00:00.163467
Request - <HttpResponseRedirect status_code=302, "text/html; charset=utf-8", url="/"> Execution time - 0:00:00.291552
Request - <HttpResponse status_code=200, "text/html; charset=utf-8"> Execution time - 0:00:00.016043
Request - <TemplateResponse status_code=200, "text/html; charset=utf-8"> Execution time - 0:00:00.294453
Request - <TemplateResponse status_code=200, "text/html; charset=utf-8"> Execution time - 0:00:00.037102
Request - <HttpResponseRedirect status_code=302, "text/html; charset=utf-8", url="/"> Execution time - 0:00:00.625030
Request - <HttpResponse status_code=200, "text/html; charset=utf-8"> Execution time - 0:00:00.023084
Request - <TemplateResponse status_code=200, "text/html; charset=utf-8"> Execution time - 0:00:00.174308
Request - <TemplateResponse status_code=200, "text/html; charset=utf-8"> Execution time - 0:00:00.019050
Request - <HttpResponseRedirect status_code=302, "text/html; charset=utf-8", url="/"> Execution time - 0:00:00.693037
Request - <HttpResponse status_code=200, "text/html; charset=utf-8"> Execution time - 0:00:00.010025
Request - <HttpResponse status_code=200, "text/html; charset=utf-8"> Execution time - 0:00:00.085225
Request - <HttpResponseRedirect status_code=302, "text/html; charset=utf-8", url="/"> Execution time - 0:00:00.324096
Request - <HttpResponse status_code=200, "text/html; charset=utf-8"> Execution time - 0:00:00.017082
Request - <TemplateResponse status_code=200, "text/html; charset=utf-8"> Execution time - 0:00:00.241911
Request - <TemplateResponse status_code=200, "text/html; charset=utf-8"> Execution time - 0:00:00.038094
Request - <HttpResponseRedirect status_code=302, "text/html; charset=utf-8", url="/"> Execution time - 0:00:00.647297
Request - <HttpResponse status_code=200, "text/html; charset=utf-8"> Execution time - 0:00:00.135295
Request - <HttpResponse status_code=200, "text/html; charset=utf-8"> Execution time - 0:00:00.107283
Request - <HttpResponseRedirect status_code=302, "text/html; charset=utf-8", url="/"> Execution time - 0:00:00.639940
Request - <HttpResponse status_code=200, "text/html; charset=utf-8"> Execution time - 0:00:00.011063
Request - <TemplateResponse status_code=200, "text/html; charset=utf-8"> Execution time - 0:00:00.193288
Request - <TemplateResponse status_code=200, "text/html; charset=utf-8"> Execution time - 0:00:00.038100
Request - <HttpResponseRedirect status_code=302, "text/html; charset=utf-8", url="/"> Execution time - 0:00:00.821934
Request - <HttpResponse status_code=200, "text/html; charset=utf-8"> Execution time - 0:00:00.009947
Request - <TemplateResponse status_code=200, "text/html; charset=utf-8"> Execution time - 0:00:00.192586
Request - <TemplateResponse status_code=200, "text/html; charset=utf-8"> Execution time - 0:00:00.037123
Request - <HttpResponseRedirect status_code=302, "text/html; charset=utf-8", url="/"> Execution time - 0:00:00.737572
Request - <HttpResponse status_code=200, "text/html; charset=utf-8"> Execution time - 0:00:00.019050
Request - <HttpResponse status_code=200, "text/html; charset=utf-8"> Execution time - 0:00:00.107281
Request - <HttpResponseRedirect status_code=302, "text/html; charset=utf-8", url="/"> Execution time - 0:00:00.690015
Request - <HttpResponse status_code=200, "text/html; charset=utf-8"> Execution time - 0:00:00.025095
Request - <TemplateResponse status_code=200, "text/html; charset=utf-8"> Execution time - 0:00:00.193873
Request - <TemplateResponse status_code=200, "text/html; charset=utf-8"> Execution time - 0:00:00.036123
Request - <HttpResponseRedirect status_code=302, "text/html; charset=utf-8", url="/"> Execution time - 0:00:00.592471
Request - <HttpResponse status_code=200, "text/html; charset=utf-8"> Execution time - 0:00:00.017043
Request - <HttpResponse status_code=200, "text/html; charset=utf-8"> Execution time - 0:00:00.073194
Request - <HttpResponseRedirect status_code=302, "text/html; charset=utf-8", url="/"> Execution time - 0:00:00.671683
Request - <HttpResponse status_code=200, "text/html; charset=utf-8"> Execution time - 0:00:00.018047
Request - <TemplateResponse status_code=200, "text/html; charset=utf-8"> Execution time - 0:00:00.299167
Request - <TemplateResponse status_code=200, "text/html; charset=utf-8"> Execution time - 0:00:00.037097
Request - <HttpResponseRedirect status_code=302, "text/html; charset=utf-8", url="/"> Execution time - 0:00:00.661386
Request - <HttpResponse status_code=200, "text/html; charset=utf-8"> Execution time - 0:00:00.021055
Request - <TemplateResponse status_code=200, "text/html; charset=utf-8"> Execution time - 0:00:00.146877
Request - <TemplateResponse status_code=200, "text/html; charset=utf-8"> Execution time - 0:00:00.033085
Request - <HttpResponseRedirect status_code=302, "text/html; charset=utf-8", url="/"> Execution time - 0:00:00.704901
Request - <HttpResponse status_code=200, "text/html; charset=utf-8"> Execution time - 0:00:00.009025
Request - <HttpResponseRedirect status_code=302, "text/html; charset=utf-8", url="/admin/login/?next=/admin/profile_app/profile/12/change/"> Execution time - 0:00:00.044149
Request - <TemplateResponse status_code=200, "text/html; charset=utf-8"> Execution time - 0:00:00.026040
Request - <HttpResponseRedirect status_code=302, "text/html; charset=utf-8", url="/admin/profile_app/profile/12/change/"> Execution time - 0:00:00.675485
Request - <TemplateResponse status_code=200, "text/html; charset=utf-8"> Execution time - 0:00:00.079206
Request - <HttpResponse status_code=200, "text/javascript"> Execution time - 0:00:00.009023
Request - <TemplateResponse status_code=200, "text/html; charset=utf-8"> Execution time - 0:00:00.055174
Request - <TemplateResponse status_code=200, "text/html; charset=utf-8"> Execution time - 0:00:00.109319
Request - <HttpResponse status_code=200, "text/javascript"> Execution time - 0:00:00.008024
Request - <TemplateResponse status_code=200, "text/html; charset=utf-8"> Execution time - 0:00:00.082215
Request - <HttpResponseRedirect status_code=302, "text/html; charset=utf-8", url="/admin/auth/user/"> Execution time - 0:00:00.543536
Request - <TemplateResponse status_code=200, "text/html; charset=utf-8"> Execution time - 0:00:00.066171
Request - <HttpResponse status_code=200, "text/javascript"> Execution time - 0:00:00.011032
Request - <HttpResponse status_code=200, "text/html; charset=utf-8"> Execution time - 0:00:00.031082
Request - <TemplateResponse status_code=200, "text/html; charset=utf-8"> Execution time - 0:00:00.197375
Request - <HttpResponse status_code=200, "text/html; charset=utf-8"> Execution time - 0:00:00.037100
Request - <HttpResponseRedirect status_code=302, "text/html; charset=utf-8", url="/signin/"> Execution time - 0:00:02.057377
Request - <HttpResponse status_code=200, "text/html; charset=utf-8"> Execution time - 0:00:00.007021
Request - <HttpResponse status_code=200, "text/html; charset=utf-8"> Execution time - 0:00:00.106003
Request - <HttpResponseNotFound status_code=404, "text/html"> Execution time - 0:00:00.006028
Request - <TemplateResponse status_code=200, "text/html; charset=utf-8"> Execution time - 0:00:00.448782
Request - <HttpResponse status_code=200, "text/html; charset=utf-8"> Execution time - 0:00:00.021077
Request - <HttpResponse status_code=500, "text/html"> Execution time - 0:00:00.503876
Request - <HttpResponse status_code=200, "text/html; charset=utf-8"> Execution time - 0:00:00.052167
Request - <HttpResponseNotFound status_code=404, "text/html"> Execution time - 0:00:00.007029
Request - <HttpResponse status_code=500, "text/html"> Execution time - 0:00:00.565263
Request - <HttpResponse status_code=200, "text/html; charset=utf-8"> Execution time - 0:00:00.065170
Request - <HttpResponseNotFound status_code=404, "text/html"> Execution time - 0:00:00.006022
Request - <HttpResponseRedirect status_code=302, "text/html; charset=utf-8", url="/admin/login/?next=/admin/"> Execution time - 0:00:00.020078
Request - <TemplateResponse status_code=200, "text/html; charset=utf-8"> Execution time - 0:00:00.023091
Request - <HttpResponseRedirect status_code=302, "text/html; charset=utf-8", url="/admin/"> Execution time - 0:00:00.696726
Request - <TemplateResponse status_code=200, "text/html; charset=utf-8"> Execution time - 0:00:00.032087
Request - <TemplateResponse status_code=200, "text/html; charset=utf-8"> Execution time - 0:00:00.077205
Request - <HttpResponse status_code=200, "text/javascript"> Execution time - 0:00:00.008020
Request - <TemplateResponse status_code=200, "text/html; charset=utf-8"> Execution time - 0:00:00.037092
Request - <HttpResponseRedirect status_code=302, "text/html; charset=utf-8", url="/admin/auth/user/"> Execution time - 0:00:00.818782
Request - <TemplateResponse status_code=200, "text/html; charset=utf-8"> Execution time - 0:00:00.083219
Request - <HttpResponse status_code=200, "text/javascript"> Execution time - 0:00:00.010029
Request - <HttpResponse status_code=200, "text/html; charset=utf-8"> Execution time - 0:00:00.021057
